
   Program  MARK  - Survival Rate Estimation with Capture-Recapture Data
   gfortran(dble) Vers. 9.0 Jan 2019  14-Mar-2022 10:45:31    Page  001
    
 - - - - - - - - - - - - - - - - - - - - - - - - - - - - - - - - - - - - - -
 
   Welcome to MARK anasa on machine DESKTOP-SEHV111 in subdirectory 
   "D:\MargSalas\Scripts_MS\Scripts_MS\Stats" running file "mark003.inp".
   This version was compiled by GCC version 11.2.0 using the options: 
     -cpp -iprefix c:\tdm-gcc-64\mingw64\bin\../lib/gcc/x86_64-w64-mingw32/11.2.0/
     -D_MT -D_REENTRANT -U_REENTRANT -D IEEE -D DBLEPRECISION -m64 -mtune=generic
     -march=x86-64 -mthreads -O2 -std=f2018 -fimplicit-none -fbounds-check
     -funroll-loops -ftree-vectorize -ffpe-summary=invalid,zero,overflow,underflow
     -fno-unsafe-math-optimizations -frounding-math -fsignaling-nans -flto
     -fall-intrinsics -fopenmp.

   This problem will use 7 of 8 possible threads.


  INPUT --- proc title ;

   CPU Time for the last procedure was 0.01 seconds.     


  INPUT --- proc chmatrix occasions= 7 groups= 2 etype= Live Nodes= 101 
  INPUT --- ICMeans NoHist hist= 55 ;

  INPUT ---    time interval 1 1 1 1 1 1 ;

  INPUT ---    glabel(1)=sexFemale;

  INPUT ---    glabel(2)=sexMale;

   * *  WARNING  * *   At least a pair of the encounter histories are duplicates. 

      Number of unique encounter histories read was 32.

      Number of individual covariates read was 0.
      Time interval lengths are all equal to 1.

      Data type number is 1
      Data type is Live Recaptures (CJS)

   CPU Time for the last procedure was 0.01 seconds.     

  Program  MARK  - Survival Rate Estimation with Capture-Recapture Data
   gfortran(dble) Vers. 9.0 Jan 2019  14-Mar-2022 10:45:31    Page  002
 - - - - - - - - - - - - - - - - - - - - - - - - - - - - - - - - - - - - - -
 


  INPUT --- proc estimate link=Logit NOLOOP varest=2ndPart    ;


  INPUT --- model={ Phi(~time)p(~1) };

  INPUT ---    group=1 Phi    rows=6 cols=6 Triang ;
  INPUT ---        1 2 3 4 5 6 ;
  INPUT ---        2 3 4 5 6 ;
  INPUT ---        3 4 5 6 ;
  INPUT ---        4 5 6 ;
  INPUT ---        5 6 ;
  INPUT ---        6 ;

  INPUT ---    group=2 Phi    rows=6 cols=6 Triang ;
  INPUT ---        1 2 3 4 5 6 ;
  INPUT ---        2 3 4 5 6 ;
  INPUT ---        3 4 5 6 ;
  INPUT ---        4 5 6 ;
  INPUT ---        5 6 ;
  INPUT ---        6 ;

  INPUT ---    group=1 p    rows=6 cols=6 Triang ;
  INPUT ---        7 7 7 7 7 7 ;
  INPUT ---        7 7 7 7 7 ;
  INPUT ---        7 7 7 7 ;
  INPUT ---        7 7 7 ;
  INPUT ---        7 7 ;
  INPUT ---        7 ;

  INPUT ---    group=2 p    rows=6 cols=6 Triang ;
  INPUT ---        7 7 7 7 7 7 ;
  INPUT ---        7 7 7 7 7 ;
  INPUT ---        7 7 7 7 ;
  INPUT ---        7 7 7 ;
  INPUT ---        7 7 ;
  INPUT ---        7 ;

  INPUT ---    design matrix constraints=7 covariates=7;
  INPUT ---        1 0 0 0 0 0 0;
  INPUT ---        1 1 0 0 0 0 0;
  INPUT ---        1 0 1 0 0 0 0;
  INPUT ---        1 0 0 1 0 0 0;
  INPUT ---        1 0 0 0 1 0 0;
  INPUT ---        1 0 0 0 0 1 0;

  Program  MARK  - Survival Rate Estimation with Capture-Recapture Data
   gfortran(dble) Vers. 9.0 Jan 2019  14-Mar-2022 10:45:31    Page  003
 - - - - - - - - - - - - - - - - - - - - - - - - - - - - - - - - - - - - - -
 
  INPUT ---        0 0 0 0 0 0 1;
  INPUT ---       blabel(1)=Phi:(Intercept);
  INPUT ---       blabel(2)=Phi:time2;
  INPUT ---       blabel(3)=Phi:time3;
  INPUT ---       blabel(4)=Phi:time4;
  INPUT ---       blabel(5)=Phi:time5;
  INPUT ---       blabel(6)=Phi:time6;
  INPUT ---       blabel(7)=p:(Intercept);
  INPUT ---       rlabel(1)=Phi gFemale c1 a0 t1;
  INPUT ---       rlabel(2)=Phi gFemale c1 a1 t2;
  INPUT ---       rlabel(3)=Phi gFemale c1 a2 t3;
  INPUT ---       rlabel(4)=Phi gFemale c1 a3 t4;
  INPUT ---       rlabel(5)=Phi gFemale c1 a4 t5;
  INPUT ---       rlabel(6)=Phi gFemale c1 a5 t6;
  INPUT ---       rlabel(7)=p gFemale c1 a1 t2;

 Link Function Used is LOGIT        

 Variance Estimation Procedure Used is 2ndPart 
 -2logL(saturated) = 582.47711     
 Effective Sample Size = 426

 Number of function evaluations was 17 for 7 parameters.
 CPU Time for numerical optimization was 0.03 seconds.     
 -2logL { Phi(~time)p(~1) } = 659.73009     
 Penalty { Phi(~time)p(~1) } = 0.0000000     
 Gradient { Phi(~time)p(~1) }:
 -0.50379307E-05   0.0000000     -0.47655843E-05   0.0000000       0.0000000    
   0.0000000     -0.23690862E-05
 Maximum ABS(G) { Phi(~time)p(~1) } = 0.5037931E-05 
 CPU Time to compute VC matrix was 0.01 seconds.     
 S Vector { Phi(~time)p(~1) }:
   119.8456      19.54814      18.41312      16.41920      14.55432    
   9.012496     0.7097319    
 CPU Time to invert VC matrix was 0.01 seconds.     
 Ratio Threshold = 50.000000       Max Gap (6/7) = 12.698450       Next Max Gap (1/2) = 6.1307935     
 Gap Method for Num. of Estimated Parameters { Phi(~time)p(~1) } = 7          
 Threshold { Phi(~time)p(~1) } = 0.1007586E-04           
 Numerical Threshold Method for Num. of Estimated Parameters { Phi(~time)p(~1) } = 7          
 Number of Estimated Parameters { Phi(~time)p(~1) } = 7          
 DEVIANCE { Phi(~time)p(~1) } = 77.252974               
 DEVIANCE Degrees of Freedom { Phi(~time)p(~1) } = 34          
 c-hat { Phi(~time)p(~1) } = 2.2721463               
 AIC { Phi(~time)p(~1) } = 673.73009               
 AICc { Phi(~time)p(~1) } = 673.99803               
 BIC { Phi(~time)p(~1) } = 702.11116               
 Pearson Chisquare { Phi(~time)p(~1) } = 170.86702               
 Possible Encounter Histories { Phi(~time)p(~1) } = 252          
 Pearson Chisquare df { Phi(~time)p(~1) } = 233          
 Pearson chat { Phi(~time)p(~1) } = 0.7333349               
 Sum(Observed/Expected) { Phi(~time)p(~1) } = 201.50391               
 s-bar { Phi(~time)p(~1) } = -0.2104004              
 Fletcher chat { Phi(~time)p(~1) } = 0.9287427               


                  LOGIT Link Function Parameters of { Phi(~time)p(~1) }
                                                              95% Confidence Interval
    Parameter                  Beta         Standard Error     Lower           Upper
 -------------------------  --------------  --------------  --------------  --------------
    1:Phi:(Intercept)        0.5143905       0.4767801      -0.4200985       1.4488795    
    2:Phi:time2             -0.6981404       0.5537196      -1.7834308       0.3871500    
    3:Phi:time3             -0.6009358       0.5300996      -1.6399310       0.4380593    
    4:Phi:time4             -0.0061056       0.5334609      -1.0516891       1.0394778    
    5:Phi:time5             -0.0757111       0.5276498      -1.1099048       0.9584825    
    6:Phi:time6             -0.1780629       0.5265650      -1.2101302       0.8540045    

  Program  MARK  - Survival Rate Estimation with Capture-Recapture Data
   gfortran(dble) Vers. 9.0 Jan 2019  14-Mar-2022 10:45:31    Page  004
 - - - - - - - - - - - - - - - - - - - - - - - - - - - - - - - - - - - - - -
 
    7:p:(Intercept)          2.2203956       0.3288850       1.5757810       2.8650101    


                     Real Function Parameters of { Phi(~time)p(~1) }
                                                               95% Confidence Interval
     Parameter                Estimate       Standard Error     Lower           Upper
 --------------------------  --------------  --------------  --------------  --------------
     1:Phi gFemale c1 a0 t1   0.6258352       0.1116455       0.3964932       0.8098259                          
     2:Phi gFemale c1 a1 t2   0.4541913       0.0666224       0.3294905       0.5849168                          
     3:Phi gFemale c1 a2 t3   0.4783772       0.0584507       0.3668725       0.5920791                          
     4:Phi gFemale c1 a3 t4   0.6244043       0.0570280       0.5079195       0.7280772                          
     5:Phi gFemale c1 a4 t5   0.6079443       0.0548240       0.4969618       0.7087894                          
     6:Phi gFemale c1 a5 t6   0.5832982       0.0572113       0.4687874       0.6894755                          
     7:p gFemale c1 a1 t2     0.9020661       0.0290546       0.8286062       0.9460894                          

   CPU Time for the last procedure was 0.03 seconds.     


  INPUT --- proc stop;

     CPU Time in minutes for this job was 0.00

     Time Start = 10:45:31.306   Time End = 10:45:31.478

     Wall Clock Time in minutes for this job was 0.00


          E X E C U T I O N   S U C C E S S F U L 
