
   Program  MARK  - Survival Rate Estimation with Capture-Recapture Data
   gfortran(dble) Vers. 9.0 Jan 2019  16-Mar-2022 09:39:10    Page  001
    
 - - - - - - - - - - - - - - - - - - - - - - - - - - - - - - - - - - - - - -
 
   Welcome to MARK anasa on machine DESKTOP-SEHV111 in subdirectory 
   "D:\MargSalas\Scripts_MS\Scripts_MS\Stats\Mark" running file "mark013.inp".
   This version was compiled by GCC version 11.2.0 using the options: 
     -cpp -iprefix c:\tdm-gcc-64\mingw64\bin\../lib/gcc/x86_64-w64-mingw32/11.2.0/
     -D_MT -D_REENTRANT -U_REENTRANT -D IEEE -D DBLEPRECISION -m64 -mtune=generic
     -march=x86-64 -mthreads -O2 -std=f2018 -fimplicit-none -fbounds-check
     -funroll-loops -ftree-vectorize -ffpe-summary=invalid,zero,overflow,underflow
     -fno-unsafe-math-optimizations -frounding-math -fsignaling-nans -flto
     -fall-intrinsics -fopenmp.

   This problem will use 7 of 8 possible threads.


  INPUT --- proc title ;

   CPU Time for the last procedure was 0.01 seconds.     


  INPUT --- proc chmatrix occasions= 7 groups= 2 etype= Live Nodes= 101 
  INPUT --- ICMeans NoHist hist= 55 ;

  INPUT ---    time interval 1 1 1 1 1 1 ;

  INPUT ---    glabel(1)=sexFemale;

  INPUT ---    glabel(2)=sexMale;

   * *  WARNING  * *   At least a pair of the encounter histories are duplicates. 

      Number of unique encounter histories read was 32.

      Number of individual covariates read was 0.
      Time interval lengths are all equal to 1.

      Data type number is 1
      Data type is Live Recaptures (CJS)

   CPU Time for the last procedure was 0.01 seconds.     

  Program  MARK  - Survival Rate Estimation with Capture-Recapture Data
   gfortran(dble) Vers. 9.0 Jan 2019  16-Mar-2022 09:39:10    Page  002
 - - - - - - - - - - - - - - - - - - - - - - - - - - - - - - - - - - - - - -
 


  INPUT --- proc estimate link=Logit NOLOOP varest=2ndPart    ;


  INPUT --- model={ Phi(~sex)p(~1) };

  INPUT ---    group=1 Phi    rows=6 cols=6 Triang ;
  INPUT ---        1 1 1 1 1 1 ;
  INPUT ---        1 1 1 1 1 ;
  INPUT ---        1 1 1 1 ;
  INPUT ---        1 1 1 ;
  INPUT ---        1 1 ;
  INPUT ---        1 ;

  INPUT ---    group=2 Phi    rows=6 cols=6 Triang ;
  INPUT ---        2 2 2 2 2 2 ;
  INPUT ---        2 2 2 2 2 ;
  INPUT ---        2 2 2 2 ;
  INPUT ---        2 2 2 ;
  INPUT ---        2 2 ;
  INPUT ---        2 ;

  INPUT ---    group=1 p    rows=6 cols=6 Triang ;
  INPUT ---        3 3 3 3 3 3 ;
  INPUT ---        3 3 3 3 3 ;
  INPUT ---        3 3 3 3 ;
  INPUT ---        3 3 3 ;
  INPUT ---        3 3 ;
  INPUT ---        3 ;

  INPUT ---    group=2 p    rows=6 cols=6 Triang ;
  INPUT ---        3 3 3 3 3 3 ;
  INPUT ---        3 3 3 3 3 ;
  INPUT ---        3 3 3 3 ;
  INPUT ---        3 3 3 ;
  INPUT ---        3 3 ;
  INPUT ---        3 ;

  INPUT ---    design matrix constraints=3 covariates=3;
  INPUT ---        1 0 0;
  INPUT ---        1 1 0;
  INPUT ---        0 0 1;
  INPUT ---       blabel(1)=Phi:(Intercept);
  INPUT ---       blabel(2)=Phi:sexMale;
  INPUT ---       blabel(3)=p:(Intercept);

  Program  MARK  - Survival Rate Estimation with Capture-Recapture Data
   gfortran(dble) Vers. 9.0 Jan 2019  16-Mar-2022 09:39:10    Page  003
 - - - - - - - - - - - - - - - - - - - - - - - - - - - - - - - - - - - - - -
 
  INPUT ---       rlabel(1)=Phi gFemale c1 a0 t1;
  INPUT ---       rlabel(2)=Phi gMale c1 a0 t1;
  INPUT ---       rlabel(3)=p gFemale c1 a1 t2;

 Link Function Used is LOGIT        

 Variance Estimation Procedure Used is 2ndPart 
 -2logL(saturated) = 582.47711     
 Effective Sample Size = 426

 Number of function evaluations was 13 for 3 parameters.
 CPU Time for numerical optimization was 0.01 seconds.     
 -2logL { Phi(~sex)p(~1) } = 666.67620     
 Penalty { Phi(~sex)p(~1) } = 0.0000000     
 Gradient { Phi(~sex)p(~1) }:
   0.0000000      0.70689307E-05   0.0000000    
 Maximum ABS(G) { Phi(~sex)p(~1) } = 0.7068931E-05 
 CPU Time to compute VC matrix was 0.01 seconds.     
 S Vector { Phi(~sex)p(~1) }:
   133.2571      19.99457      9.372904    
 CPU Time to invert VC matrix was 0.01 seconds.     
 Ratio Threshold = 50.000000       Max Gap (1/2) = 6.6646654       Next Max Gap (1/2) = 6.6646654     
 Gap Method for Num. of Estimated Parameters { Phi(~sex)p(~1) } = 3          
 Threshold { Phi(~sex)p(~1) } = 0.1413786E-04           
 Numerical Threshold Method for Num. of Estimated Parameters { Phi(~sex)p(~1) } = 3          
 Number of Estimated Parameters { Phi(~sex)p(~1) } = 3          
 DEVIANCE { Phi(~sex)p(~1) } = 84.199093               
 DEVIANCE Degrees of Freedom { Phi(~sex)p(~1) } = 38          
 c-hat { Phi(~sex)p(~1) } = 2.2157656               
 AIC { Phi(~sex)p(~1) } = 672.67620               
 AICc { Phi(~sex)p(~1) } = 672.73308               
 BIC { Phi(~sex)p(~1) } = 684.83952               
 Pearson Chisquare { Phi(~sex)p(~1) } = 183.82013               
 Possible Encounter Histories { Phi(~sex)p(~1) } = 252          
 Pearson Chisquare df { Phi(~sex)p(~1) } = 237          
 Pearson chat { Phi(~sex)p(~1) } = 0.7756124               
 Sum(Observed/Expected) { Phi(~sex)p(~1) } = 207.41140               
 s-bar { Phi(~sex)p(~1) } = -0.1857858              
 Fletcher chat { Phi(~sex)p(~1) } = 0.9525901               


                   LOGIT Link Function Parameters of { Phi(~sex)p(~1) }
                                                              95% Confidence Interval
    Parameter                  Beta         Standard Error     Lower           Upper
 -------------------------  --------------  --------------  --------------  --------------
    1:Phi:(Intercept)        0.2036416       0.1397215      -0.0702125       0.4774957    
    2:Phi:sexMale            0.0792855       0.1973411      -0.3075031       0.4660741    
    3:p:(Intercept)          2.2274857       0.3251812       1.5901306       2.8648408    


                      Real Function Parameters of { Phi(~sex)p(~1) }
                                                               95% Confidence Interval
     Parameter                Estimate       Standard Error     Lower           Upper
 --------------------------  --------------  --------------  --------------  --------------
     1:Phi gFemale c1 a0 t1   0.5507352       0.0345707       0.4824541       0.6171563                          
     2:Phi gMale c1 a0 t1     0.5702637       0.0353294       0.5000911       0.6377218                          
     3:p gFemale c1 a1 t2     0.9026907       0.0285640       0.8306345       0.9460808                          

   CPU Time for the last procedure was 0.03 seconds.     

  Program  MARK  - Survival Rate Estimation with Capture-Recapture Data
   gfortran(dble) Vers. 9.0 Jan 2019  16-Mar-2022 09:39:11    Page  004
 - - - - - - - - - - - - - - - - - - - - - - - - - - - - - - - - - - - - - -
 


  INPUT --- proc stop;

     CPU Time in minutes for this job was 0.00

     Time Start = 09:39:10.922   Time End = 09:39:11.632

     Wall Clock Time in minutes for this job was 0.01


          E X E C U T I O N   S U C C E S S F U L 
