
   Program  MARK  - Survival Rate Estimation with Capture-Recapture Data
   gfortran(dble) Vers. 9.0 Jan 2019  14-Mar-2022 10:45:33    Page  001
    
 - - - - - - - - - - - - - - - - - - - - - - - - - - - - - - - - - - - - - -
 
   Welcome to MARK anasa on machine DESKTOP-SEHV111 in subdirectory 
   "D:\MargSalas\Scripts_MS\Scripts_MS\Stats" running file "mark006.inp".
   This version was compiled by GCC version 11.2.0 using the options: 
     -cpp -iprefix c:\tdm-gcc-64\mingw64\bin\../lib/gcc/x86_64-w64-mingw32/11.2.0/
     -D_MT -D_REENTRANT -U_REENTRANT -D IEEE -D DBLEPRECISION -m64 -mtune=generic
     -march=x86-64 -mthreads -O2 -std=f2018 -fimplicit-none -fbounds-check
     -funroll-loops -ftree-vectorize -ffpe-summary=invalid,zero,overflow,underflow
     -fno-unsafe-math-optimizations -frounding-math -fsignaling-nans -flto
     -fall-intrinsics -fopenmp.

   This problem will use 7 of 8 possible threads.


  INPUT --- proc title ;

   CPU Time for the last procedure was 0.01 seconds.     


  INPUT --- proc chmatrix occasions= 7 groups= 2 etype= Live Nodes= 101 
  INPUT --- ICMeans NoHist hist= 55 ;

  INPUT ---    time interval 1 1 1 1 1 1 ;

  INPUT ---    glabel(1)=sexFemale;

  INPUT ---    glabel(2)=sexMale;

   * *  WARNING  * *   At least a pair of the encounter histories are duplicates. 

      Number of unique encounter histories read was 32.

      Number of individual covariates read was 0.
      Time interval lengths are all equal to 1.

      Data type number is 1
      Data type is Live Recaptures (CJS)

   CPU Time for the last procedure was 0.01 seconds.     

  Program  MARK  - Survival Rate Estimation with Capture-Recapture Data
   gfortran(dble) Vers. 9.0 Jan 2019  14-Mar-2022 10:45:33    Page  002
 - - - - - - - - - - - - - - - - - - - - - - - - - - - - - - - - - - - - - -
 


  INPUT --- proc estimate link=Logit NOLOOP varest=2ndPart    ;


  INPUT --- model={ Phi(~time)p(~sex) };

  INPUT ---    group=1 Phi    rows=6 cols=6 Triang ;
  INPUT ---        1 2 3 4 5 6 ;
  INPUT ---        2 3 4 5 6 ;
  INPUT ---        3 4 5 6 ;
  INPUT ---        4 5 6 ;
  INPUT ---        5 6 ;
  INPUT ---        6 ;

  INPUT ---    group=2 Phi    rows=6 cols=6 Triang ;
  INPUT ---        1 2 3 4 5 6 ;
  INPUT ---        2 3 4 5 6 ;
  INPUT ---        3 4 5 6 ;
  INPUT ---        4 5 6 ;
  INPUT ---        5 6 ;
  INPUT ---        6 ;

  INPUT ---    group=1 p    rows=6 cols=6 Triang ;
  INPUT ---        7 7 7 7 7 7 ;
  INPUT ---        7 7 7 7 7 ;
  INPUT ---        7 7 7 7 ;
  INPUT ---        7 7 7 ;
  INPUT ---        7 7 ;
  INPUT ---        7 ;

  INPUT ---    group=2 p    rows=6 cols=6 Triang ;
  INPUT ---        8 8 8 8 8 8 ;
  INPUT ---        8 8 8 8 8 ;
  INPUT ---        8 8 8 8 ;
  INPUT ---        8 8 8 ;
  INPUT ---        8 8 ;
  INPUT ---        8 ;

  INPUT ---    design matrix constraints=8 covariates=8;
  INPUT ---        1 0 0 0 0 0 0 0;
  INPUT ---        1 1 0 0 0 0 0 0;
  INPUT ---        1 0 1 0 0 0 0 0;
  INPUT ---        1 0 0 1 0 0 0 0;
  INPUT ---        1 0 0 0 1 0 0 0;
  INPUT ---        1 0 0 0 0 1 0 0;

  Program  MARK  - Survival Rate Estimation with Capture-Recapture Data
   gfortran(dble) Vers. 9.0 Jan 2019  14-Mar-2022 10:45:33    Page  003
 - - - - - - - - - - - - - - - - - - - - - - - - - - - - - - - - - - - - - -
 
  INPUT ---        0 0 0 0 0 0 1 0;
  INPUT ---        0 0 0 0 0 0 1 1;
  INPUT ---       blabel(1)=Phi:(Intercept);
  INPUT ---       blabel(2)=Phi:time2;
  INPUT ---       blabel(3)=Phi:time3;
  INPUT ---       blabel(4)=Phi:time4;
  INPUT ---       blabel(5)=Phi:time5;
  INPUT ---       blabel(6)=Phi:time6;
  INPUT ---       blabel(7)=p:(Intercept);
  INPUT ---       blabel(8)=p:sexMale;
  INPUT ---       rlabel(1)=Phi gFemale c1 a0 t1;
  INPUT ---       rlabel(2)=Phi gFemale c1 a1 t2;
  INPUT ---       rlabel(3)=Phi gFemale c1 a2 t3;
  INPUT ---       rlabel(4)=Phi gFemale c1 a3 t4;
  INPUT ---       rlabel(5)=Phi gFemale c1 a4 t5;
  INPUT ---       rlabel(6)=Phi gFemale c1 a5 t6;
  INPUT ---       rlabel(7)=p gFemale c1 a1 t2;
  INPUT ---       rlabel(8)=p gMale c1 a1 t2;

 Link Function Used is LOGIT        

 Variance Estimation Procedure Used is 2ndPart 
 -2logL(saturated) = 582.47711     
 Effective Sample Size = 426

 Number of function evaluations was 23 for 8 parameters.
 CPU Time for numerical optimization was 0.03 seconds.     
 -2logL { Phi(~time)p(~sex) } = 659.15831     
 Penalty { Phi(~time)p(~sex) } = 0.0000000     
 Gradient { Phi(~time)p(~sex) }:
   0.0000000       0.0000000       0.0000000       0.0000000       0.0000000    
   0.0000000       0.0000000       0.0000000    
 Maximum ABS(G) { Phi(~time)p(~sex) } = 0.0000000     
 CPU Time to compute VC matrix was 0.01 seconds.     
 S Vector { Phi(~time)p(~sex) }:
   119.8517      19.60405      18.47610      16.42602      14.50481    
   10.73832      2.032142     0.7140122    
 CPU Time to invert VC matrix was 0.01 seconds.     
 Ratio Threshold = 50.000000       Max Gap (1/2) = 6.1136194       Next Max Gap (1/2) = 6.1136194     
 Gap Method for Num. of Estimated Parameters { Phi(~time)p(~sex) } = 8          
 Numerical Threshold Method for Num. of Estimated Parameters { Phi(~time)p(~sex) } = 8          
 Number of Estimated Parameters { Phi(~time)p(~sex) } = 8          
 DEVIANCE { Phi(~time)p(~sex) } = 76.681197               
 DEVIANCE Degrees of Freedom { Phi(~time)p(~sex) } = 33          
 c-hat { Phi(~time)p(~sex) } = 2.3236726               
 AIC { Phi(~time)p(~sex) } = 675.15831               
 AICc { Phi(~time)p(~sex) } = 675.50363               
 BIC { Phi(~time)p(~sex) } = 707.59382               
 Pearson Chisquare { Phi(~time)p(~sex) } = 169.09893               
 Possible Encounter Histories { Phi(~time)p(~sex) } = 252          
 Pearson Chisquare df { Phi(~time)p(~sex) } = 232          
 Pearson chat { Phi(~time)p(~sex) } = 0.7288747               
 Sum(Observed/Expected) { Phi(~time)p(~sex) } = 200.75629               
 s-bar { Phi(~time)p(~sex) } = -0.2135155              
 Fletcher chat { Phi(~time)p(~sex) } = 0.9267502               


                 LOGIT Link Function Parameters of { Phi(~time)p(~sex) }
                                                              95% Confidence Interval
    Parameter                  Beta         Standard Error     Lower           Upper
 -------------------------  --------------  --------------  --------------  --------------
    1:Phi:(Intercept)        0.5102027       0.4752577      -0.4213023       1.4417078    
    2:Phi:time2             -0.6899823       0.5524488      -1.7727820       0.3928174    
    3:Phi:time3             -0.5958177       0.5288610      -1.6323854       0.4407500    

  Program  MARK  - Survival Rate Estimation with Capture-Recapture Data
   gfortran(dble) Vers. 9.0 Jan 2019  14-Mar-2022 10:45:33    Page  004
 - - - - - - - - - - - - - - - - - - - - - - - - - - - - - - - - - - - - - -
 
    4:Phi:time4             -0.0025445       0.5321619      -1.0455818       1.0404928    
    5:Phi:time5             -0.0737892       0.5261819      -1.1051057       0.9575273    
    6:Phi:time6             -0.1665116       0.5258775      -1.1972315       0.8642083    
    7:p:(Intercept)          2.0021461       0.4147930       1.1891517       2.8151404    
    8:p:sexMale              0.4783791       0.6400186      -0.7760574       1.7328156    


                    Real Function Parameters of { Phi(~time)p(~sex) }
                                                               95% Confidence Interval
     Parameter                Estimate       Standard Error     Lower           Upper
 --------------------------  --------------  --------------  --------------  --------------
     1:Phi gFemale c1 a0 t1   0.6248540       0.1114059       0.3962052       0.8087190                          
     2:Phi gFemale c1 a1 t2   0.4551758       0.0667781       0.3301379       0.5861331                          
     3:Phi gFemale c1 a2 t3   0.4786093       0.0585101       0.3669845       0.5924120                          
     4:Phi gFemale c1 a3 t4   0.6242574       0.0570311       0.5077750       0.7279436                          
     5:Phi gFemale c1 a4 t5   0.6074041       0.0547420       0.4966187       0.7081368                          
     6:Phi gFemale c1 a5 t6   0.5850869       0.0574348       0.4700294       0.6915570                          
     7:p gFemale c1 a1 t2     0.8810222       0.0434795       0.7665893       0.9434885                          
     8:p gMale c1 a1 t2       0.9227652       0.0361568       0.8155025       0.9699646                          

   CPU Time for the last procedure was 0.03 seconds.     

  Program  MARK  - Survival Rate Estimation with Capture-Recapture Data
   gfortran(dble) Vers. 9.0 Jan 2019  14-Mar-2022 10:45:33    Page  005
 - - - - - - - - - - - - - - - - - - - - - - - - - - - - - - - - - - - - - -
 


  INPUT --- proc stop;

     CPU Time in minutes for this job was 0.00

     Time Start = 10:45:33.123   Time End = 10:45:33.334

     Wall Clock Time in minutes for this job was 0.00


          E X E C U T I O N   S U C C E S S F U L 
