
   Program  MARK  - Survival Rate Estimation with Capture-Recapture Data
   gfortran(dble) Vers. 9.0 Jan 2019  16-Mar-2022 12:33:55    Page  001
    
 - - - - - - - - - - - - - - - - - - - - - - - - - - - - - - - - - - - - - -
 
   Welcome to MARK anasa on machine DESKTOP-SEHV111 in subdirectory 
   "D:\MargSalas\Scripts_MS\Scripts_MS\Stats\Mark" running file "mark023.inp".
   This version was compiled by GCC version 11.2.0 using the options: 
     -cpp -iprefix c:\tdm-gcc-64\mingw64\bin\../lib/gcc/x86_64-w64-mingw32/11.2.0/
     -D_MT -D_REENTRANT -U_REENTRANT -D IEEE -D DBLEPRECISION -m64 -mtune=generic
     -march=x86-64 -mthreads -O2 -std=f2018 -fimplicit-none -fbounds-check
     -funroll-loops -ftree-vectorize -ffpe-summary=invalid,zero,overflow,underflow
     -fno-unsafe-math-optimizations -frounding-math -fsignaling-nans -flto
     -fall-intrinsics -fopenmp.

   This problem will use 7 of 8 possible threads.


  INPUT --- proc title ;

   CPU Time for the last procedure was 0.01 seconds.     


  INPUT --- proc chmatrix occasions= 7 groups= 2 etype= Live Nodes= 101 
  INPUT --- ICMeans NoHist hist= 55 ;

  INPUT ---    time interval 1 1 1 1 1 1 ;

  INPUT ---    glabel(1)=sexFemale;

  INPUT ---    glabel(2)=sexMale;

   * *  WARNING  * *   At least a pair of the encounter histories are duplicates. 

      Number of unique encounter histories read was 32.

      Number of individual covariates read was 0.
      Time interval lengths are all equal to 1.

      Data type number is 1
      Data type is Live Recaptures (CJS)

   CPU Time for the last procedure was 0.01 seconds.     

  Program  MARK  - Survival Rate Estimation with Capture-Recapture Data
   gfortran(dble) Vers. 9.0 Jan 2019  16-Mar-2022 12:33:55    Page  002
 - - - - - - - - - - - - - - - - - - - - - - - - - - - - - - - - - - - - - -
 


  INPUT --- proc estimate link=Logit NOLOOP varest=2ndPart    ;


  INPUT --- model={ Phi(~1)p(~sex) };

  INPUT ---    group=1 Phi    rows=6 cols=6 Triang ;
  INPUT ---        1 1 1 1 1 1 ;
  INPUT ---        1 1 1 1 1 ;
  INPUT ---        1 1 1 1 ;
  INPUT ---        1 1 1 ;
  INPUT ---        1 1 ;
  INPUT ---        1 ;

  INPUT ---    group=2 Phi    rows=6 cols=6 Triang ;
  INPUT ---        1 1 1 1 1 1 ;
  INPUT ---        1 1 1 1 1 ;
  INPUT ---        1 1 1 1 ;
  INPUT ---        1 1 1 ;
  INPUT ---        1 1 ;
  INPUT ---        1 ;

  INPUT ---    group=1 p    rows=6 cols=6 Triang ;
  INPUT ---        2 2 2 2 2 2 ;
  INPUT ---        2 2 2 2 2 ;
  INPUT ---        2 2 2 2 ;
  INPUT ---        2 2 2 ;
  INPUT ---        2 2 ;
  INPUT ---        2 ;

  INPUT ---    group=2 p    rows=6 cols=6 Triang ;
  INPUT ---        3 3 3 3 3 3 ;
  INPUT ---        3 3 3 3 3 ;
  INPUT ---        3 3 3 3 ;
  INPUT ---        3 3 3 ;
  INPUT ---        3 3 ;
  INPUT ---        3 ;

  INPUT ---    design matrix constraints=3 covariates=3;
  INPUT ---        1 0 0;
  INPUT ---        0 1 0;
  INPUT ---        0 1 1;
  INPUT ---       blabel(1)=Phi:(Intercept);
  INPUT ---       blabel(2)=p:(Intercept);
  INPUT ---       blabel(3)=p:sexMale;

  Program  MARK  - Survival Rate Estimation with Capture-Recapture Data
   gfortran(dble) Vers. 9.0 Jan 2019  16-Mar-2022 12:33:55    Page  003
 - - - - - - - - - - - - - - - - - - - - - - - - - - - - - - - - - - - - - -
 
  INPUT ---       rlabel(1)=Phi gFemale c1 a0 t1;
  INPUT ---       rlabel(2)=p gFemale c1 a1 t2;
  INPUT ---       rlabel(3)=p gMale c1 a1 t2;

 Link Function Used is LOGIT        

 Variance Estimation Procedure Used is 2ndPart 
 -2logL(saturated) = 582.47711     
 Effective Sample Size = 426

 Number of function evaluations was 17 for 3 parameters.
 CPU Time for numerical optimization was 0.02 seconds.     
 -2logL { Phi(~1)p(~sex) } = 666.19337     
 Penalty { Phi(~1)p(~sex) } = 0.0000000     
 Gradient { Phi(~1)p(~sex) }:
   0.0000000      0.25487592E-05   0.0000000    
 Maximum ABS(G) { Phi(~1)p(~sex) } = 0.2548759E-05 
 CPU Time to compute VC matrix was 0.01 seconds.     
 S Vector { Phi(~1)p(~sex) }:
   103.6125      11.28631      2.025736    
 CPU Time to invert VC matrix was 0.01 seconds.     
 Ratio Threshold = 50.000000       Max Gap (1/2) = 9.1803730       Next Max Gap (1/2) = 9.1803730     
 Gap Method for Num. of Estimated Parameters { Phi(~1)p(~sex) } = 3          
 Threshold { Phi(~1)p(~sex) } = 0.5097518E-05           
 Numerical Threshold Method for Num. of Estimated Parameters { Phi(~1)p(~sex) } = 3          
 Number of Estimated Parameters { Phi(~1)p(~sex) } = 3          
 DEVIANCE { Phi(~1)p(~sex) } = 83.716260               
 DEVIANCE Degrees of Freedom { Phi(~1)p(~sex) } = 38          
 c-hat { Phi(~1)p(~sex) } = 2.2030595               
 AIC { Phi(~1)p(~sex) } = 672.19337               
 AICc { Phi(~1)p(~sex) } = 672.25024               
 BIC { Phi(~1)p(~sex) } = 684.35669               
 Pearson Chisquare { Phi(~1)p(~sex) } = 180.85891               
 Possible Encounter Histories { Phi(~1)p(~sex) } = 252          
 Pearson Chisquare df { Phi(~1)p(~sex) } = 237          
 Pearson chat { Phi(~1)p(~sex) } = 0.7631178               
 Sum(Observed/Expected) { Phi(~1)p(~sex) } = 204.75341               
 s-bar { Phi(~1)p(~sex) } = -0.1968608              
 Fletcher chat { Phi(~1)p(~sex) } = 0.9501687               


                   LOGIT Link Function Parameters of { Phi(~1)p(~sex) }
                                                              95% Confidence Interval
    Parameter                  Beta         Standard Error     Lower           Upper
 -------------------------  --------------  --------------  --------------  --------------
    1:Phi:(Intercept)        0.2440004       0.1021468       0.0437926       0.4442082    
    2:p:(Intercept)          1.9933760       0.4116902       1.1864632       2.8002887    
    3:p:sexMale              0.5089526       0.6418561      -0.7490853       1.7669905    


                      Real Function Parameters of { Phi(~1)p(~sex) }
                                                               95% Confidence Interval
     Parameter                Estimate       Standard Error     Lower           Upper
 --------------------------  --------------  --------------  --------------  --------------
     1:Phi gFemale c1 a0 t1   0.5606992       0.0251604       0.5109464       0.6092613                          
     2:p gFemale c1 a1 t2     0.8800998       0.0434432       0.7661079       0.9426914                          
     3:p gMale c1 a1 t2       0.9243049       0.0354125       0.8191039       0.9705271                          

   CPU Time for the last procedure was 0.03 seconds.     

  Program  MARK  - Survival Rate Estimation with Capture-Recapture Data
   gfortran(dble) Vers. 9.0 Jan 2019  16-Mar-2022 12:33:55    Page  004
 - - - - - - - - - - - - - - - - - - - - - - - - - - - - - - - - - - - - - -
 


  INPUT --- proc stop;

     CPU Time in minutes for this job was 0.00

     Time Start = 12:33:55.233   Time End = 12:33:55.756

     Wall Clock Time in minutes for this job was 0.01


          E X E C U T I O N   S U C C E S S F U L 
